<?xml version="1.0" encoding="UTF-8"?>
<!-- Generated by org.testng.reporters.JUnitXMLReporter -->
<testsuite ignored="0" hostname="WL361443" failures="0" tests="5" name="Default test" time="142.661" errors="0" timestamp="2020-07-03T15:12:52 IST">
  <testcase classname="com.tieto.test.LoginTest" name="invalidCredentialTest" time="2.123"/>
  <testcase classname="com.tieto.test.LoginTest" name="invalidCredentialTest" time="1.986"/>
  <testcase classname="com.tieto.test.LoginTest" name="validCredentialTest" time="43.862"/>
  <testcase classname="com.tieto.test.LoginTest" name="validCredentialTest" time="9.552"/>
  <testcase classname="com.tieto.test.LoginTest" name="validCredentialTest" time="6.994"/>
</testsuite> <!-- Default test -->
