<?xml version="1.0" encoding="UTF-8"?>
<!-- Generated by org.testng.reporters.JUnitXMLReporter -->
<testsuite ignored="1" hostname="WL361443" failures="0" tests="1" name="TestCase" time="10.487" errors="0" timestamp="2020-07-02T17:47:43 IST">
  <testcase classname="com.tieto.test.LoginTest" name="invalidCredentialTest" time="1.897"/>
  <testcase classname="com.tieto.test.LoginTest" name="validCredentialTest" time="0.0">
    <ignored/>
  </testcase> <!-- validCredentialTest -->
</testsuite> <!-- TestCase -->
