<?xml version="1.0" encoding="UTF-8"?>
<testng-results ignored="0" total="5" passed="5" failed="0" skipped="0">
  <reporter-output>
    <line>
      <![CDATA[OpenEMR]]>
    </line>
    <line>
      <![CDATA[OpenEMR]]>
    </line>
    <line>
      <![CDATA[OpenEMR]]>
    </line>
  </reporter-output>
  <suite started-at="2020-07-03T15:10:29 IST" name="Default suite" finished-at="2020-07-03T15:12:52 IST" duration-ms="142661">
    <groups>
    </groups>
    <test started-at="2020-07-03T15:10:29 IST" name="Default test" finished-at="2020-07-03T15:12:52 IST" duration-ms="142661">
      <class name="com.tieto.test.LoginTest">
        <test-method is-config="true" signature="init(java.lang.String)[pri:0, instance:com.tieto.test.LoginTest@6c779568]" started-at="2020-07-03T15:10:29 IST" name="init" finished-at="2020-07-03T15:10:37 IST" duration-ms="7749" status="PASS">
          <params>
            <param index="0">
              <value>
                <![CDATA[ch]]>
              </value>
            </param>
          </params>
          <reporter-output>
          </reporter-output>
        </test-method> <!-- init -->
        <test-method signature="invalidCredentialTest(java.lang.String, java.lang.String, java.lang.String, java.lang.String)[pri:0, instance:com.tieto.test.LoginTest@6c779568]" started-at="2020-07-03T15:10:37 IST" name="invalidCredentialTest" data-provider="invalidCredentialData" finished-at="2020-07-03T15:10:39 IST" duration-ms="2123" status="PASS">
          <params>
            <param index="0">
              <value>
                <![CDATA[john]]>
              </value>
            </param>
            <param index="1">
              <value>
                <![CDATA[john123]]>
              </value>
            </param>
            <param index="2">
              <value>
                <![CDATA[English (Indian)]]>
              </value>
            </param>
            <param index="3">
              <value>
                <![CDATA[Invalid username or password]]>
              </value>
            </param>
          </params>
          <reporter-output>
          </reporter-output>
        </test-method> <!-- invalidCredentialTest -->
        <test-method is-config="true" signature="end()[pri:0, instance:com.tieto.test.LoginTest@6c779568]" started-at="2020-07-03T15:10:39 IST" name="end" finished-at="2020-07-03T15:10:40 IST" duration-ms="654" status="PASS">
          <reporter-output>
          </reporter-output>
        </test-method> <!-- end -->
        <test-method is-config="true" signature="init(java.lang.String)[pri:0, instance:com.tieto.test.LoginTest@6c779568]" started-at="2020-07-03T15:10:40 IST" name="init" finished-at="2020-07-03T15:10:47 IST" duration-ms="6654" status="PASS">
          <params>
            <param index="0">
              <value>
                <![CDATA[ch]]>
              </value>
            </param>
          </params>
          <reporter-output>
          </reporter-output>
        </test-method> <!-- init -->
        <test-method signature="invalidCredentialTest(java.lang.String, java.lang.String, java.lang.String, java.lang.String)[pri:0, instance:com.tieto.test.LoginTest@6c779568]" started-at="2020-07-03T15:10:47 IST" name="invalidCredentialTest" data-provider="invalidCredentialData" finished-at="2020-07-03T15:10:49 IST" duration-ms="1986" status="PASS">
          <params>
            <param index="0">
              <value>
                <![CDATA[peter]]>
              </value>
            </param>
            <param index="1">
              <value>
                <![CDATA[peter123]]>
              </value>
            </param>
            <param index="2">
              <value>
                <![CDATA[Armenian]]>
              </value>
            </param>
            <param index="3">
              <value>
                <![CDATA[Invalid username or password]]>
              </value>
            </param>
          </params>
          <reporter-output>
          </reporter-output>
        </test-method> <!-- invalidCredentialTest -->
        <test-method is-config="true" signature="end()[pri:0, instance:com.tieto.test.LoginTest@6c779568]" started-at="2020-07-03T15:10:49 IST" name="end" finished-at="2020-07-03T15:10:50 IST" duration-ms="1122" status="PASS">
          <reporter-output>
          </reporter-output>
        </test-method> <!-- end -->
        <test-method is-config="true" signature="init(java.lang.String)[pri:0, instance:com.tieto.test.LoginTest@6c779568]" started-at="2020-07-03T15:11:29 IST" name="init" finished-at="2020-07-03T15:11:36 IST" duration-ms="6776" status="PASS">
          <params>
            <param index="0">
              <value>
                <![CDATA[ch]]>
              </value>
            </param>
          </params>
          <reporter-output>
          </reporter-output>
        </test-method> <!-- init -->
        <test-method signature="validCredentialTest(java.lang.String, java.lang.String, java.lang.String, java.lang.String)[pri:1, instance:com.tieto.test.LoginTest@6c779568]" started-at="2020-07-03T15:11:36 IST" name="validCredentialTest" data-provider="validCredentialData" finished-at="2020-07-03T15:12:20 IST" duration-ms="43862" status="PASS">
          <params>
            <param index="0">
              <value>
                <![CDATA[admin]]>
              </value>
            </param>
            <param index="1">
              <value>
                <![CDATA[pass]]>
              </value>
            </param>
            <param index="2">
              <value>
                <![CDATA[Czech]]>
              </value>
            </param>
            <param index="3">
              <value>
                <![CDATA[OpenEMR]]>
              </value>
            </param>
          </params>
          <reporter-output>
            <line>
              <![CDATA[OpenEMR]]>
            </line>
          </reporter-output>
        </test-method> <!-- validCredentialTest -->
        <test-method is-config="true" signature="end()[pri:0, instance:com.tieto.test.LoginTest@6c779568]" started-at="2020-07-03T15:12:20 IST" name="end" finished-at="2020-07-03T15:12:20 IST" duration-ms="693" status="PASS">
          <reporter-output>
          </reporter-output>
        </test-method> <!-- end -->
        <test-method is-config="true" signature="init(java.lang.String)[pri:0, instance:com.tieto.test.LoginTest@6c779568]" started-at="2020-07-03T15:12:20 IST" name="init" finished-at="2020-07-03T15:12:27 IST" duration-ms="6836" status="PASS">
          <params>
            <param index="0">
              <value>
                <![CDATA[ch]]>
              </value>
            </param>
          </params>
          <reporter-output>
          </reporter-output>
        </test-method> <!-- init -->
        <test-method signature="validCredentialTest(java.lang.String, java.lang.String, java.lang.String, java.lang.String)[pri:1, instance:com.tieto.test.LoginTest@6c779568]" started-at="2020-07-03T15:12:27 IST" name="validCredentialTest" data-provider="validCredentialData" finished-at="2020-07-03T15:12:37 IST" duration-ms="9552" status="PASS">
          <params>
            <param index="0">
              <value>
                <![CDATA[physician]]>
              </value>
            </param>
            <param index="1">
              <value>
                <![CDATA[physician]]>
              </value>
            </param>
            <param index="2">
              <value>
                <![CDATA[Czech]]>
              </value>
            </param>
            <param index="3">
              <value>
                <![CDATA[OpenEMR]]>
              </value>
            </param>
          </params>
          <reporter-output>
            <line>
              <![CDATA[OpenEMR]]>
            </line>
          </reporter-output>
        </test-method> <!-- validCredentialTest -->
        <test-method is-config="true" signature="end()[pri:0, instance:com.tieto.test.LoginTest@6c779568]" started-at="2020-07-03T15:12:37 IST" name="end" finished-at="2020-07-03T15:12:38 IST" duration-ms="815" status="PASS">
          <reporter-output>
          </reporter-output>
        </test-method> <!-- end -->
        <test-method is-config="true" signature="init(java.lang.String)[pri:0, instance:com.tieto.test.LoginTest@6c779568]" started-at="2020-07-03T15:12:38 IST" name="init" finished-at="2020-07-03T15:12:44 IST" duration-ms="6798" status="PASS">
          <params>
            <param index="0">
              <value>
                <![CDATA[ch]]>
              </value>
            </param>
          </params>
          <reporter-output>
          </reporter-output>
        </test-method> <!-- init -->
        <test-method signature="validCredentialTest(java.lang.String, java.lang.String, java.lang.String, java.lang.String)[pri:1, instance:com.tieto.test.LoginTest@6c779568]" started-at="2020-07-03T15:12:44 IST" name="validCredentialTest" data-provider="validCredentialData" finished-at="2020-07-03T15:12:51 IST" duration-ms="6994" status="PASS">
          <params>
            <param index="0">
              <value>
                <![CDATA[accountant]]>
              </value>
            </param>
            <param index="1">
              <value>
                <![CDATA[accountant]]>
              </value>
            </param>
            <param index="2">
              <value>
                <![CDATA[Czech]]>
              </value>
            </param>
            <param index="3">
              <value>
                <![CDATA[OpenEMR]]>
              </value>
            </param>
          </params>
          <reporter-output>
            <line>
              <![CDATA[OpenEMR]]>
            </line>
          </reporter-output>
        </test-method> <!-- validCredentialTest -->
        <test-method is-config="true" signature="end()[pri:0, instance:com.tieto.test.LoginTest@6c779568]" started-at="2020-07-03T15:12:51 IST" name="end" finished-at="2020-07-03T15:12:52 IST" duration-ms="688" status="PASS">
          <reporter-output>
          </reporter-output>
        </test-method> <!-- end -->
      </class> <!-- com.tieto.test.LoginTest -->
    </test> <!-- Default test -->
  </suite> <!-- Default suite -->
</testng-results>
