<?xml version="1.0" encoding="UTF-8"?>
<!-- Generated by org.testng.reporters.JUnitXMLReporter -->
<testsuite ignored="0" hostname="WL361443" failures="0" tests="5" name="TestCase" time="57.553" errors="0" timestamp="2020-07-03T16:40:41 IST">
  <testcase classname="com.tieto.test.LoginTest" name="invalidCredentialTest" time="1.947"/>
  <testcase classname="com.tieto.test.LoginTest" name="invalidCredentialTest" time="1.928"/>
  <testcase classname="com.tieto.test.LoginTest" name="validCredentialTest" time="5.183"/>
  <testcase classname="com.tieto.test.LoginTest" name="validCredentialTest" time="4.487"/>
  <testcase classname="com.tieto.test.LoginTest" name="validCredentialTest" time="5.1"/>
</testsuite> <!-- TestCase -->
